0 info it worked if it ends with ok
1 verbose cli [ '/usr/local/bin/node',
1 verbose cli   '/usr/local/bin/npm',
1 verbose cli   'install',
1 verbose cli   'Polymer/polymer#^2.0.0' ]
2 info using npm@3.10.10
3 info using node@v6.10.3
4 silly loadCurrentTree Starting
5 silly install loadCurrentTree
6 silly install readLocalPackageData
7 silly fetchPackageMetaData Polymer/polymer#^2.0.0
8 silly fetchOtherPackageData Polymer/polymer#^2.0.0
9 silly cache add args [ 'Polymer/polymer#^2.0.0', null ]
10 verbose cache add spec Polymer/polymer#^2.0.0
11 silly cache add parsed spec Result {
11 silly cache add   raw: 'Polymer/polymer#^2.0.0',
11 silly cache add   scope: null,
11 silly cache add   escapedName: null,
11 silly cache add   name: null,
11 silly cache add   rawSpec: 'Polymer/polymer#^2.0.0',
11 silly cache add   spec: 'github:polymer/polymer#^2.0.0',
11 silly cache add   type: 'hosted',
11 silly cache add   hosted:
11 silly cache add    { type: 'github',
11 silly cache add      ssh: 'git@github.com:polymer/polymer.git#^2.0.0',
11 silly cache add      sshUrl: 'git+ssh://git@github.com/polymer/polymer.git#^2.0.0',
11 silly cache add      httpsUrl: 'git+https://github.com/polymer/polymer.git#^2.0.0',
11 silly cache add      gitUrl: 'git://github.com/polymer/polymer.git#^2.0.0',
11 silly cache add      shortcut: 'github:polymer/polymer#^2.0.0',
11 silly cache add      directUrl: 'https://raw.githubusercontent.com/polymer/polymer/%5E2.0.0/package.json' } }
12 verbose addRemoteGit caching Polymer/polymer#^2.0.0
13 verbose addRemoteGit polymer/polymer#^2.0.0 is a repository hosted by github
14 silly tryGitProto attempting to clone git://github.com/polymer/polymer.git#^2.0.0
15 silly tryClone cloning polymer/polymer#^2.0.0 via git://github.com/polymer/polymer.git#^2.0.0
16 verbose tryClone git-github-com-polymer-polymer-git-2-0-0-9909a5ea not in flight; caching
17 verbose correctMkdir /Users/kls602/.npm/_git-remotes correctMkdir not in flight; initializing
18 info git [ 'clone',
18 info git   '--template=/Users/kls602/.npm/_git-remotes/_templates',
18 info git   '--mirror',
18 info git   'git://github.com/polymer/polymer.git',
18 info git   '/Users/kls602/.npm/_git-remotes/git-github-com-polymer-polymer-git-2-0-0-9909a5ea' ]
19 verbose mirrorRemote polymer/polymer#^2.0.0 git clone git://github.com/polymer/polymer.git
20 verbose correctMkdir /Users/kls602/.npm/_git-remotes correctMkdir not in flight; initializing
21 verbose setPermissions polymer/polymer#^2.0.0 set permissions on /Users/kls602/.npm/_git-remotes/git-github-com-polymer-polymer-git-2-0-0-9909a5ea
22 verbose resolveHead polymer/polymer#^2.0.0 original treeish: %5E2.0.0
23 info git [ 'rev-list', '-n1', '%5E2.0.0' ]
24 error git rev-list -n1 %5E2.0.0: fatal: ambiguous argument '%5E2.0.0': unknown revision or path not in the working tree.
24 error git rev-list -n1 %5E2.0.0: Use '--' to separate paths from revisions, like this:
24 error git rev-list -n1 %5E2.0.0: 'git <command> [<revision>...] -- [<file>...]'
25 silly tryHTTPS attempting to clone git+https://github.com/polymer/polymer.git#^2.0.0
26 silly tryClone cloning polymer/polymer#^2.0.0 via git+https://github.com/polymer/polymer.git#^2.0.0
27 verbose tryClone git-https-github-com-polymer-polymer-git-2-0-0-7f473985 not in flight; caching
28 verbose correctMkdir /Users/kls602/.npm/_git-remotes correctMkdir not in flight; initializing
29 info git [ 'clone',
29 info git   '--template=/Users/kls602/.npm/_git-remotes/_templates',
29 info git   '--mirror',
29 info git   'git+https://github.com/polymer/polymer.git',
29 info git   '/Users/kls602/.npm/_git-remotes/git-https-github-com-polymer-polymer-git-2-0-0-7f473985' ]
30 verbose git clone --template=/Users/kls602/.npm/_git-remotes/_templates --mirror git+https://github.com/polymer/polymer.git /Users/kls602/.npm/_git-remotes/git-https-github-com-polymer-polymer-git-2-0-0-7f473985: Cloning into bare repository '/Users/kls602/.npm/_git-remotes/git-https-github-com-polymer-polymer-git-2-0-0-7f473985'...
30 verbose git clone --template=/Users/kls602/.npm/_git-remotes/_templates --mirror git+https://github.com/polymer/polymer.git /Users/kls602/.npm/_git-remotes/git-https-github-com-polymer-polymer-git-2-0-0-7f473985: fatal: Unable to find remote helper for 'git+https'
31 silly trySSH attempting to clone git@github.com:polymer/polymer.git#^2.0.0
32 silly tryClone cloning polymer/polymer#^2.0.0 via git@github.com:polymer/polymer.git#^2.0.0
33 verbose tryClone git-github-com-polymer-polymer-git-2-0-0-cb5d9e6b not in flight; caching
34 verbose correctMkdir /Users/kls602/.npm/_git-remotes correctMkdir not in flight; initializing
35 info git [ 'clone',
35 info git   '--template=/Users/kls602/.npm/_git-remotes/_templates',
35 info git   '--mirror',
35 info git   'git@github.com:polymer/polymer.git',
35 info git   '/Users/kls602/.npm/_git-remotes/git-github-com-polymer-polymer-git-2-0-0-cb5d9e6b' ]
36 verbose mirrorRemote polymer/polymer#^2.0.0 git clone git@github.com:polymer/polymer.git
37 verbose correctMkdir /Users/kls602/.npm/_git-remotes correctMkdir not in flight; initializing
38 verbose setPermissions polymer/polymer#^2.0.0 set permissions on /Users/kls602/.npm/_git-remotes/git-github-com-polymer-polymer-git-2-0-0-cb5d9e6b
39 verbose resolveHead polymer/polymer#^2.0.0 original treeish: %5E2.0.0
40 info git [ 'rev-list', '-n1', '%5E2.0.0' ]
41 error git rev-list -n1 %5E2.0.0: fatal: ambiguous argument '%5E2.0.0': unknown revision or path not in the working tree.
41 error git rev-list -n1 %5E2.0.0: Use '--' to separate paths from revisions, like this:
41 error git rev-list -n1 %5E2.0.0: 'git <command> [<revision>...] -- [<file>...]'
42 silly fetchPackageMetaData Error: Command failed: git rev-list -n1 %5E2.0.0
42 silly fetchPackageMetaData fatal: ambiguous argument '%5E2.0.0': unknown revision or path not in the working tree.
42 silly fetchPackageMetaData Use '--' to separate paths from revisions, like this:
42 silly fetchPackageMetaData 'git <command> [<revision>...] -- [<file>...]'
42 silly fetchPackageMetaData
42 silly fetchPackageMetaData     at ChildProcess.exithandler (child_process.js:204:12)
42 silly fetchPackageMetaData     at emitTwo (events.js:106:13)
42 silly fetchPackageMetaData     at ChildProcess.emit (events.js:191:7)
42 silly fetchPackageMetaData     at maybeClose (internal/child_process.js:886:16)
42 silly fetchPackageMetaData     at Socket.<anonymous> (internal/child_process.js:342:11)
42 silly fetchPackageMetaData     at emitOne (events.js:96:13)
42 silly fetchPackageMetaData     at Socket.emit (events.js:188:7)
42 silly fetchPackageMetaData     at Pipe._handle.close [as _onclose] (net.js:497:12)
42 silly fetchPackageMetaData  error for Polymer/polymer#^2.0.0 { Error: Command failed: git rev-list -n1 %5E2.0.0
42 silly fetchPackageMetaData fatal: ambiguous argument '%5E2.0.0': unknown revision or path not in the working tree.
42 silly fetchPackageMetaData Use '--' to separate paths from revisions, like this:
42 silly fetchPackageMetaData 'git <command> [<revision>...] -- [<file>...]'
42 silly fetchPackageMetaData
42 silly fetchPackageMetaData     at ChildProcess.exithandler (child_process.js:204:12)
42 silly fetchPackageMetaData     at emitTwo (events.js:106:13)
42 silly fetchPackageMetaData     at ChildProcess.emit (events.js:191:7)
42 silly fetchPackageMetaData     at maybeClose (internal/child_process.js:886:16)
42 silly fetchPackageMetaData     at Socket.<anonymous> (internal/child_process.js:342:11)
42 silly fetchPackageMetaData     at emitOne (events.js:96:13)
42 silly fetchPackageMetaData     at Socket.emit (events.js:188:7)
42 silly fetchPackageMetaData     at Pipe._handle.close [as _onclose] (net.js:497:12)
42 silly fetchPackageMetaData   killed: false,
42 silly fetchPackageMetaData   code: 128,
42 silly fetchPackageMetaData   signal: null,
42 silly fetchPackageMetaData   cmd: 'git rev-list -n1 %5E2.0.0' }
43 silly rollbackFailedOptional Starting
44 silly rollbackFailedOptional Finishing
45 silly runTopLevelLifecycles Finishing
46 silly install printInstalled
47 verbose stack Error: Command failed: git rev-list -n1 %5E2.0.0
47 verbose stack fatal: ambiguous argument '%5E2.0.0': unknown revision or path not in the working tree.
47 verbose stack Use '--' to separate paths from revisions, like this:
47 verbose stack 'git <command> [<revision>...] -- [<file>...]'
47 verbose stack
47 verbose stack     at ChildProcess.exithandler (child_process.js:204:12)
47 verbose stack     at emitTwo (events.js:106:13)
47 verbose stack     at ChildProcess.emit (events.js:191:7)
47 verbose stack     at maybeClose (internal/child_process.js:886:16)
47 verbose stack     at Socket.<anonymous> (internal/child_process.js:342:11)
47 verbose stack     at emitOne (events.js:96:13)
47 verbose stack     at Socket.emit (events.js:188:7)
47 verbose stack     at Pipe._handle.close [as _onclose] (net.js:497:12)
48 verbose cwd /Users/kls602/Projects/athena/athenaSwipePlay
49 error Darwin 16.6.0
50 error argv "/usr/local/bin/node" "/usr/local/bin/npm" "install" "Polymer/polymer#^2.0.0"
51 error node v6.10.3
52 error npm  v3.10.10
53 error code 128
54 error Command failed: git rev-list -n1 %5E2.0.0
54 error fatal: ambiguous argument '%5E2.0.0': unknown revision or path not in the working tree.
54 error Use '--' to separate paths from revisions, like this:
54 error 'git <command> [<revision>...] -- [<file>...]'
55 error If you need help, you may report this error at:
55 error     <https://github.com/npm/npm/issues>
56 verbose exit [ 1, true ]
